[debug] [2023-08-15T15:39:24.058Z] ----------------------------------------------------------------------
[debug] [2023-08-15T15:39:24.061Z] Command:       C:\Program Files\nodejs\node.exe C:\Users\epopo\AppData\Roaming\npm\node_modules\firebase-tools\lib\bin\firebase.js login
[debug] [2023-08-15T15:39:24.061Z] CLI Version:   12.4.7
[debug] [2023-08-15T15:39:24.061Z] Platform:      win32
[debug] [2023-08-15T15:39:24.061Z] Node Version:  v20.4.0
[debug] [2023-08-15T15:39:24.062Z] Time:          Tue Aug 15 2023 18:39:24 GMT+0300 (Eastern European Summer Time)
[debug] [2023-08-15T15:39:24.062Z] ----------------------------------------------------------------------
[debug] 
[info] i  Firebase optionally collects CLI and Emulator Suite usage and error reporting information to help improve our products. Data is collected in accordance with Google's privacy policy (https://policies.google.com/privacy) and is not used to identify you.
 
[info] i  To change your data collection preference at any time, run `firebase logout` and log in again. 
[info] 
[info] Visit this URL on this device to log in:
[info] https://accounts.google.com/o/oauth2/auth?client_id=563584335869-fgrhgmd47bqnekij5i8b5pr03ho849e6.apps.googleusercontent.com&scope=email%20openid%20https%3A%2F%2Fwww.googleapis.com%2Fauth%2Fcloudplatformprojects.readonly%20https%3A%2F%2Fwww.googleapis.com%2Fauth%2Ffirebase%20https%3A%2F%2Fwww.googleapis.com%2Fauth%2Fcloud-platform&response_type=code&state=296827266&redirect_uri=http%3A%2F%2Flocalhost%3A9005
[info] 
[info] Waiting for authentication...
[debug] [2023-08-15T15:39:26.277Z] Error: spawn cmd ENOENT
    at ChildProcess._handle.onexit (node:internal/child_process:285:19)
    at onErrorNT (node:internal/child_process:483:16)
    at process.processTicksAndRejections (node:internal/process/task_queues:82:21)
[error] 
[error] Error: An unexpected error has occurred.
